Thu 28 Mar 2024 02:08:55 PM UTC: 
 tests:  0|6
total_score: 0/70
576c7b3
Thu 28 Mar 2024 02:13:07 PM UTC: 
 list.c | 4 ++++
 1 file changed, 4 insertions(+)
 tests:  0|6
total_score: 0/70
8f5ebd2
Thu 28 Mar 2024 02:13:36 PM UTC: 
 list.c | 3 ++-
 1 file changed, 2 insertions(+), 1 deletion(-)
 tests:  1|5
total_score: 10/70
b6f3287
Thu 28 Mar 2024 02:15:27 PM UTC: 
 list.c | 5 +++++
 1 file changed, 5 insertions(+)
 tests:  2|5
total_score: 15/70
c31082c
Thu 28 Mar 2024 02:17:05 PM UTC: 
 list.c | 14 +++++++++++++-
 1 file changed, 13 insertions(+), 1 deletion(-)
In file included from test.c:5:
list.c: In function ‘firstList’:
list.c:48:1: error: control reaches end of non-void function [-Werror=return-type]
   48 | }
      | ^
cc1: all warnings being treated as errors
Compilation failed
7a9167d
Thu 28 Mar 2024 02:17:11 PM UTC: 
 list.c | 2 +-
 1 file changed, 1 insertion(+), 1 deletion(-)
In file included from test.c:5:
list.c: In function ‘firstList’:
list.c:48:1: error: control reaches end of non-void function [-Werror=return-type]
   48 | }
      | ^
cc1: all warnings being treated as errors
Compilation failed
78b48c1
Thu 28 Mar 2024 02:17:24 PM UTC: 
 list.c | 4 ++--
 1 file changed, 2 insertions(+), 2 deletions(-)
In file included from test.c:5:
list.c: In function ‘firstList’:
list.c:45:1: error: control reaches end of non-void function [-Werror=return-type]
   45 | }
      | ^
cc1: all warnings being treated as errors
Compilation failed
abca16f
Thu 28 Mar 2024 02:19:38 PM UTC: 
 list.c | 2 +-
 1 file changed, 1 insertion(+), 1 deletion(-)
In file included from test.c:5:
list.c:46:3: error: expected identifier or ‘(’ before ‘return’
   46 |   return list->current->data;
      |   ^~~~~~
list.c: In function ‘firstList’:
list.c:45:1: error: control reaches end of non-void function [-Werror=return-type]
   45 | }
      | ^
cc1: all warnings being treated as errors
Compilation failed
fa05197
Thu 28 Mar 2024 02:19:50 PM UTC: 
 list.c | 4 ++--
 1 file changed, 2 insertions(+), 2 deletions(-)
 tests:  5|4
total_score: 25/70
9c41240
Thu 28 Mar 2024 02:21:15 PM UTC: 
 list.c | 3 +++
 1 file changed, 3 insertions(+)
 tests:  5|4
total_score: 25/70
af0810d
Thu 28 Mar 2024 02:23:03 PM UTC: 
 list.c | 4 +++-
 1 file changed, 3 insertions(+), 1 deletion(-)
 tests:  6|4
total_score: 25/70
b664e11
Thu 28 Mar 2024 02:25:36 PM UTC: 
 list.c | 11 +++++++++++
 1 file changed, 11 insertions(+)
In file included from test.c:5:
list.c: In function ‘prevList’:
list.c:87:1: error: control reaches end of non-void function [-Werror=return-type]
   87 | }
      | ^
cc1: all warnings being treated as errors
Compilation failed
9600f19
